<?xml version="1.0" encoding="UTF-8"?>
<!-- Generated by org.testng.reporters.JUnitReportReporter -->
<testsuite skipped="0" hostname="LAPTOP-2LQ3PCAM" name="com.tutorial.MavenProject.GoogleSearchTest" tests="1" failures="0" timestamp="2020-08-02T15:26:27 IST" time="16.300" errors="0">
  <testcase name="f" time="16.300" classname="com.tutorial.MavenProject.GoogleSearchTest"/>
  <system-out/>
</testsuite> <!-- com.tutorial.MavenProject.GoogleSearchTest -->
