<?xml version="1.0" encoding="UTF-8"?>
<!-- Generated by org.testng.reporters.JUnitReportReporter -->
<testsuite skipped="0" hostname="LAPTOP-2LQ3PCAM" name="com.tutorial.MavenProject.GoogleSearchTest" tests="1" failures="0" timestamp="2020-08-07T00:33:56 IST" time="13.451" errors="0">
  <testcase name="f" time="13.451" classname="com.tutorial.MavenProject.GoogleSearchTest"/>
  <system-out/>
</testsuite> <!-- com.tutorial.MavenProject.GoogleSearchTest -->
