<?xml version="1.0" encoding="UTF-8"?>
<!-- Generated by org.testng.reporters.JUnitReportReporter -->
<testsuite skipped="0" hostname="LAPTOP-2LQ3PCAM" name="com.tutorial.MavenProject.GoogleSearchTest2" tests="1" failures="0" timestamp="2020-08-07T00:34:51 IST" time="12.953" errors="0">
  <testcase name="f" time="12.953" classname="com.tutorial.MavenProject.GoogleSearchTest2"/>
  <system-out/>
</testsuite> <!-- com.tutorial.MavenProject.GoogleSearchTest2 -->
